sed: couldn't open temporary file /opt/flink/conf/sedp6Vc5Z: Read-only file system
sed: couldn't open temporary file /opt/flink/conf/sedVSKaRr: Read-only file system
/docker-entrypoint.sh: line 73: /opt/flink/conf/flink-conf.yaml: Read-only file system
sed: couldn't open temporary file /opt/flink/conf/sedikVRG5: Read-only file system
/docker-entrypoint.sh: line 88: /opt/flink/conf/flink-conf.yaml.tmp: Read-only file system
Starting kubernetes-application as a console application on host seatunnel-flink-streaming-example-84c78b4c9-f7x9m.
2023-01-31 12:13:34,294 INFO  org.apache.flink.runtime.entrypoint.ClusterEntrypoint        [] - --------------------------------------------------------------------------------
2023-01-31 12:13:34,297 INFO  org.apache.flink.runtime.entrypoint.ClusterEntrypoint        [] -  Preconfiguration:
2023-01-31 12:13:34,297 INFO  org.apache.flink.runtime.entrypoint.ClusterEntrypoint        [] -


RESOURCE_PARAMS extraction logs:
jvm_params: -Xmx469762048 -Xms469762048 -XX:MaxMetaspaceSize=268435456
dynamic_configs: -D jobmanager.memory.off-heap.size=134217728b -D jobmanager.memory.jvm-overhead.min=201326592b -D jobmanager.memory.jvm-metaspace.size=268435456b -D jobmanager.memory.heap.size=469762048b -D jobmanager.memory.jvm-overhead.max=201326592b
logs: INFO  [] - Loading configuration property: blob.server.port, 6124
INFO  [] - Loading configuration property: kubernetes.jobmanager.annotations, flinkdeployment.flink.apache.org/generation:2
INFO  [] - Loading configuration property: kubernetes.jobmanager.replicas, 1
INFO  [] - Loading configuration property: jobmanager.rpc.address, seatunnel-flink-streaming-example.flink-operator
INFO  [] - Loading configuration property: kubernetes.taskmanager.cpu, 1.0
INFO  [] - Loading configuration property: kubernetes.service-account, flink
INFO  [] - Loading configuration property: kubernetes.cluster-id, seatunnel-flink-streaming-example
INFO  [] - Loading configuration property: $internal.application.program-args, --config;/data/flink.streaming.conf
INFO  [] - Loading configuration property: kubernetes.container.image, seatunnel:2.3.0-flink-1.13
INFO  [] - Loading configuration property: parallelism.default, 2
INFO  [] - Loading configuration property: kubernetes.namespace, flink-operator
INFO  [] - Loading configuration property: taskmanager.numberOfTaskSlots, 2
INFO  [] - Loading configuration property: kubernetes.rest-service.exposed.type, ClusterIP
INFO  [] - Loading configuration property: kubernetes.jobmanager.owner.reference, uid:8f55a816-a4a9-45fc-ac2d-4b0f99b71310,name:seatunnel-flink-streaming-example,controller:false,blockOwnerDeletion:false,apiVersion:flink.apache.org/v1beta1,kind:FlinkDeployment
INFO  [] - Loading configuration property: $internal.application.main, org.apache.seatunnel.core.starter.flink.SeatunnelFlink
INFO  [] - Loading configuration property: taskmanager.memory.process.size, 1024m
INFO  [] - Loading configuration property: kubernetes.internal.jobmanager.entrypoint.class, org.apache.flink.kubernetes.entrypoint.KubernetesApplicationClusterEntrypoint
INFO  [] - Loading configuration property: pipeline.name, seatunnel-flink-streaming-example
INFO  [] - Loading configuration property: kubernetes.pod-template-file, /tmp/flink_op_generated_podTemplate_392333082571286211.yaml
INFO  [] - Loading configuration property: web.cancel.enable, false
INFO  [] - Loading configuration property: execution.target, kubernetes-application
INFO  [] - Loading configuration property: jobmanager.memory.process.size, 1024m
INFO  [] - Loading configuration property: taskmanager.rpc.port, 6122
INFO  [] - Loading configuration property: internal.cluster.execution-mode, NORMAL
INFO  [] - Loading configuration property: $internal.pipeline.job-id, 4228f2bd87c3336766a6a7a00a2aace1
INFO  [] - Loading configuration property: execution.checkpointing.externalized-checkpoint-retention, RETAIN_ON_CANCELLATION
INFO  [] - Loading configuration property: pipeline.jars, local:///opt/seatunnel/starter/seatunnel-flink-starter.jar
INFO  [] - Loading configuration property: kubernetes.jobmanager.cpu, 1.0
INFO  [] - Loading configuration property: $internal.flink.version, v1_13
INFO  [] - The derived from fraction jvm overhead memory (102.400mb (107374184 bytes)) is less than its min value 192.000mb (201326592 bytes), min value will be used instead
INFO  [] - Final Master Memory configuration:
INFO  [] -   Total Process Memory: 1024.000mb (1073741824 bytes)
INFO  [] -     Total Flink Memory: 576.000mb (603979776 bytes)
INFO  [] -       JVM Heap:         448.000mb (469762048 bytes)
INFO  [] -       Off-heap:         128.000mb (134217728 bytes)
INFO  [] -     JVM Metaspace:      256.000mb (268435456 bytes)
INFO  [] -     JVM Overhead:       192.000mb (201326592 bytes)

2023-01-31 12:13:34,298 INFO  org.apache.flink.runtime.entrypoint.ClusterEntrypoint        [] - --------------------------------------------------------------------------------
2023-01-31 12:13:34,298 INFO  org.apache.flink.runtime.entrypoint.ClusterEntrypoint        [] -  Starting KubernetesApplicationClusterEntrypoint (Version: 1.13.6, Scala: 2.12, Rev:b2ca390, Date:2022-02-03T14:54:22+01:00)
2023-01-31 12:13:34,298 INFO  org.apache.flink.runtime.entrypoint.ClusterEntrypoint        [] -  OS current user: flink
2023-01-31 12:13:34,298 INFO  org.apache.flink.runtime.entrypoint.ClusterEntrypoint        [] -  Current Hadoop/Kerberos user: <no hadoop dependency found>
2023-01-31 12:13:34,299 INFO  org.apache.flink.runtime.entrypoint.ClusterEntrypoint        [] -  JVM: OpenJDK 64-Bit Server VM - Oracle Corporation - 1.8/25.342-b07
2023-01-31 12:13:34,299 INFO  org.apache.flink.runtime.entrypoint.ClusterEntrypoint        [] -  Maximum heap size: 433 MiBytes
2023-01-31 12:13:34,299 INFO  org.apache.flink.runtime.entrypoint.ClusterEntrypoint        [] -  JAVA_HOME: /usr/local/openjdk-8
2023-01-31 12:13:34,299 INFO  org.apache.flink.runtime.entrypoint.ClusterEntrypoint        [] -  No Hadoop Dependency available
2023-01-31 12:13:34,299 INFO  org.apache.flink.runtime.entrypoint.ClusterEntrypoint        [] -  JVM Options:
2023-01-31 12:13:34,299 INFO  org.apache.flink.runtime.entrypoint.ClusterEntrypoint        [] -     -Xmx469762048
2023-01-31 12:13:34,299 INFO  org.apache.flink.runtime.entrypoint.ClusterEntrypoint        [] -     -Xms469762048
2023-01-31 12:13:34,299 INFO  org.apache.flink.runtime.entrypoint.ClusterEntrypoint        [] -     -XX:MaxMetaspaceSize=268435456
2023-01-31 12:13:34,299 INFO  org.apache.flink.runtime.entrypoint.ClusterEntrypoint        [] -     -Dlog.file=/opt/flink/log/flink--kubernetes-application-0-seatunnel-flink-streaming-example-84c78b4c9-f7x9m.log
2023-01-31 12:13:34,299 INFO  org.apache.flink.runtime.entrypoint.ClusterEntrypoint        [] -     -Dlog4j.configuration=file:/opt/flink/conf/log4j-console.properties
2023-01-31 12:13:34,300 INFO  org.apache.flink.runtime.entrypoint.ClusterEntrypoint        [] -     -Dlog4j.configurationFile=file:/opt/flink/conf/log4j-console.properties
2023-01-31 12:13:34,300 INFO  org.apache.flink.runtime.entrypoint.ClusterEntrypoint        [] -     -Dlogback.configurationFile=file:/opt/flink/conf/logback-console.xml
2023-01-31 12:13:34,300 INFO  org.apache.flink.runtime.entrypoint.ClusterEntrypoint        [] -  Program Arguments:
2023-01-31 12:13:34,301 INFO  org.apache.flink.runtime.entrypoint.ClusterEntrypoint        [] -     -D
2023-01-31 12:13:34,301 INFO  org.apache.flink.runtime.entrypoint.ClusterEntrypoint        [] -     jobmanager.memory.off-heap.size=134217728b
2023-01-31 12:13:34,301 INFO  org.apache.flink.runtime.entrypoint.ClusterEntrypoint        [] -     -D
2023-01-31 12:13:34,301 INFO  org.apache.flink.runtime.entrypoint.ClusterEntrypoint        [] -     jobmanager.memory.jvm-overhead.min=201326592b
2023-01-31 12:13:34,301 INFO  org.apache.flink.runtime.entrypoint.ClusterEntrypoint        [] -     -D
2023-01-31 12:13:34,301 INFO  org.apache.flink.runtime.entrypoint.ClusterEntrypoint        [] -     jobmanager.memory.jvm-metaspace.size=268435456b
2023-01-31 12:13:34,301 INFO  org.apache.flink.runtime.entrypoint.ClusterEntrypoint        [] -     -D
2023-01-31 12:13:34,302 INFO  org.apache.flink.runtime.entrypoint.ClusterEntrypoint        [] -     jobmanager.memory.heap.size=469762048b
2023-01-31 12:13:34,302 INFO  org.apache.flink.runtime.entrypoint.ClusterEntrypoint        [] -     -D
2023-01-31 12:13:34,302 INFO  org.apache.flink.runtime.entrypoint.ClusterEntrypoint        [] -     jobmanager.memory.jvm-overhead.max=201326592b
2023-01-31 12:13:34,302 INFO  org.apache.flink.runtime.entrypoint.ClusterEntrypoint        [] -  Classpath: /opt/flink/lib/flink-csv-1.13.6.jar:/opt/flink/lib/flink-json-1.13.6.jar:/opt/flink/lib/flink-shaded-zookeeper-3.4.14.jar:/opt/flink/lib/flink-table-blink_2.12-1.13.6.jar:/opt/flink/lib/flink-table_2.12-1.13.6.jar:/opt/flink/lib/log4j-1.2-api-2.17.1.jar:/opt/flink/lib/log4j-api-2.17.1.jar:/opt/flink/lib/log4j-core-2.17.1.jar:/opt/flink/lib/log4j-slf4j-impl-2.17.1.jar:/opt/flink/lib/flink-dist_2.12-1.13.6.jar:::
2023-01-31 12:13:34,302 INFO  org.apache.flink.runtime.entrypoint.ClusterEntrypoint        [] - --------------------------------------------------------------------------------
2023-01-31 12:13:34,303 INFO  org.apache.flink.runtime.entrypoint.ClusterEntrypoint        [] - Registered UNIX signal handlers for [TERM, HUP, INT]
2023-01-31 12:13:34,317 INFO  org.apache.flink.configuration.GlobalConfiguration           [] - Loading configuration property: blob.server.port, 6124
2023-01-31 12:13:34,318 INFO  org.apache.flink.configuration.GlobalConfiguration           [] - Loading configuration property: kubernetes.jobmanager.annotations, flinkdeployment.flink.apache.org/generation:2
2023-01-31 12:13:34,318 INFO  org.apache.flink.configuration.GlobalConfiguration           [] - Loading configuration property: kubernetes.jobmanager.replicas, 1
2023-01-31 12:13:34,318 INFO  org.apache.flink.configuration.GlobalConfiguration           [] - Loading configuration property: jobmanager.rpc.address, seatunnel-flink-streaming-example.flink-operator
2023-01-31 12:13:34,318 INFO  org.apache.flink.configuration.GlobalConfiguration           [] - Loading configuration property: kubernetes.taskmanager.cpu, 1.0
2023-01-31 12:13:34,318 INFO  org.apache.flink.configuration.GlobalConfiguration           [] - Loading configuration property: kubernetes.service-account, flink
2023-01-31 12:13:34,318 INFO  org.apache.flink.configuration.GlobalConfiguration           [] - Loading configuration property: kubernetes.cluster-id, seatunnel-flink-streaming-example
2023-01-31 12:13:34,318 INFO  org.apache.flink.configuration.GlobalConfiguration           [] - Loading configuration property: $internal.application.program-args, --config;/data/flink.streaming.conf
2023-01-31 12:13:34,319 INFO  org.apache.flink.configuration.GlobalConfiguration           [] - Loading configuration property: kubernetes.container.image, seatunnel:2.3.0-flink-1.13
2023-01-31 12:13:34,320 INFO  org.apache.flink.configuration.GlobalConfiguration           [] - Loading configuration property: parallelism.default, 2
2023-01-31 12:13:34,320 INFO  org.apache.flink.configuration.GlobalConfiguration           [] - Loading configuration property: kubernetes.namespace, flink-operator
2023-01-31 12:13:34,320 INFO  org.apache.flink.configuration.GlobalConfiguration           [] - Loading configuration property: taskmanager.numberOfTaskSlots, 2
2023-01-31 12:13:34,320 INFO  org.apache.flink.configuration.GlobalConfiguration           [] - Loading configuration property: kubernetes.rest-service.exposed.type, ClusterIP
2023-01-31 12:13:34,320 INFO  org.apache.flink.configuration.GlobalConfiguration           [] - Loading configuration property: kubernetes.jobmanager.owner.reference, uid:8f55a816-a4a9-45fc-ac2d-4b0f99b71310,name:seatunnel-flink-streaming-example,controller:false,blockOwnerDeletion:false,apiVersion:flink.apache.org/v1beta1,kind:FlinkDeployment
2023-01-31 12:13:34,320 INFO  org.apache.flink.configuration.GlobalConfiguration           [] - Loading configuration property: $internal.application.main, org.apache.seatunnel.core.starter.flink.SeatunnelFlink
2023-01-31 12:13:34,320 INFO  org.apache.flink.configuration.GlobalConfiguration           [] - Loading configuration property: taskmanager.memory.process.size, 1024m
2023-01-31 12:13:34,320 INFO  org.apache.flink.configuration.GlobalConfiguration           [] - Loading configuration property: kubernetes.internal.jobmanager.entrypoint.class, org.apache.flink.kubernetes.entrypoint.KubernetesApplicationClusterEntrypoint
2023-01-31 12:13:34,321 INFO  org.apache.flink.configuration.GlobalConfiguration           [] - Loading configuration property: pipeline.name, seatunnel-flink-streaming-example
2023-01-31 12:13:34,321 INFO  org.apache.flink.configuration.GlobalConfiguration           [] - Loading configuration property: kubernetes.pod-template-file, /tmp/flink_op_generated_podTemplate_392333082571286211.yaml
2023-01-31 12:13:34,321 INFO  org.apache.flink.configuration.GlobalConfiguration           [] - Loading configuration property: web.cancel.enable, false
2023-01-31 12:13:34,321 INFO  org.apache.flink.configuration.GlobalConfiguration           [] - Loading configuration property: execution.target, kubernetes-application
2023-01-31 12:13:34,321 INFO  org.apache.flink.configuration.GlobalConfiguration           [] - Loading configuration property: jobmanager.memory.process.size, 1024m
2023-01-31 12:13:34,321 INFO  org.apache.flink.configuration.GlobalConfiguration           [] - Loading configuration property: taskmanager.rpc.port, 6122
2023-01-31 12:13:34,321 INFO  org.apache.flink.configuration.GlobalConfiguration           [] - Loading configuration property: internal.cluster.execution-mode, NORMAL
2023-01-31 12:13:34,321 INFO  org.apache.flink.configuration.GlobalConfiguration           [] - Loading configuration property: $internal.pipeline.job-id, 4228f2bd87c3336766a6a7a00a2aace1
2023-01-31 12:13:34,322 INFO  org.apache.flink.configuration.GlobalConfiguration           [] - Loading configuration property: execution.checkpointing.externalized-checkpoint-retention, RETAIN_ON_CANCELLATION
2023-01-31 12:13:34,322 INFO  org.apache.flink.configuration.GlobalConfiguration           [] - Loading configuration property: pipeline.jars, local:///opt/seatunnel/starter/seatunnel-flink-starter.jar
2023-01-31 12:13:34,322 INFO  org.apache.flink.configuration.GlobalConfiguration           [] - Loading configuration property: kubernetes.jobmanager.cpu, 1.0
2023-01-31 12:13:34,322 INFO  org.apache.flink.configuration.GlobalConfiguration           [] - Loading configuration property: $internal.flink.version, v1_13
2023-01-31 12:13:34,710 INFO  org.apache.flink.runtime.entrypoint.ClusterEntrypoint        [] - Starting KubernetesApplicationClusterEntrypoint.
2023-01-31 12:13:34,725 INFO  org.apache.flink.runtime.entrypoint.ClusterEntrypoint        [] - Install default filesystem.
2023-01-31 12:13:34,730 INFO  org.apache.flink.core.fs.FileSystem                          [] - Hadoop is not in the classpath/dependencies. The extended set of supported File Systems via Hadoop is not available.
2023-01-31 12:13:34,819 INFO  org.apache.flink.runtime.entrypoint.ClusterEntrypoint        [] - Install security context.
2023-01-31 12:13:34,881 INFO  org.apache.flink.runtime.security.modules.HadoopModuleFactory [] - Cannot create Hadoop Security Module because Hadoop cannot be found in the Classpath.
2023-01-31 12:13:34,891 INFO  org.apache.flink.runtime.security.modules.JaasModule         [] - Jaas file will be created as /tmp/jaas-5017147029638566639.conf.
2023-01-31 12:13:34,898 INFO  org.apache.flink.runtime.security.contexts.HadoopSecurityContextFactory [] - Cannot install HadoopSecurityContext because Hadoop cannot be found in the Classpath.
2023-01-31 12:13:34,900 INFO  org.apache.flink.runtime.entrypoint.ClusterEntrypoint        [] - Initializing cluster services.
2023-01-31 12:13:34,930 INFO  org.apache.flink.runtime.rpc.akka.AkkaRpcServiceUtils        [] - Trying to start actor system, external address seatunnel-flink-streaming-example.flink-operator:6123, bind address 0.0.0.0:6123.
2023-01-31 12:13:36,403 INFO  akka.event.slf4j.Slf4jLogger                                 [] - Slf4jLogger started
2023-01-31 12:13:36,492 INFO  akka.remote.Remoting                                         [] - Starting remoting
2023-01-31 12:13:36,816 INFO  akka.remote.Remoting                                         [] - Remoting started; listening on addresses :[akka.tcp://flink@seatunnel-flink-streaming-example.flink-operator:6123]
2023-01-31 12:13:37,113 INFO  org.apache.flink.runtime.rpc.akka.AkkaRpcServiceUtils        [] - Actor system started at akka.tcp://flink@seatunnel-flink-streaming-example.flink-operator:6123
2023-01-31 12:13:37,212 INFO  org.apache.flink.configuration.Configuration                 [] - Config uses fallback configuration key 'jobmanager.rpc.address' instead of key 'rest.address'
2023-01-31 12:13:37,227 INFO  org.apache.flink.runtime.blob.BlobServer                     [] - Created BLOB server storage directory /tmp/blobStore-7d77c9fc-2535-458e-ba66-ddac920648a8
2023-01-31 12:13:37,282 INFO  org.apache.flink.runtime.blob.BlobServer                     [] - Started BLOB server at 0.0.0.0:6124 - max concurrent requests: 50 - max backlog: 1000
2023-01-31 12:13:37,303 INFO  org.apache.flink.runtime.metrics.MetricRegistryImpl          [] - No metrics reporter configured, no metrics will be exposed/reported.
2023-01-31 12:13:37,310 INFO  org.apache.flink.runtime.rpc.akka.AkkaRpcServiceUtils        [] - Trying to start actor system, external address seatunnel-flink-streaming-example.flink-operator:0, bind address 0.0.0.0:0.
2023-01-31 12:13:37,417 INFO  akka.event.slf4j.Slf4jLogger                                 [] - Slf4jLogger started
2023-01-31 12:13:37,433 INFO  akka.remote.Remoting                                         [] - Starting remoting
2023-01-31 12:13:37,497 INFO  akka.remote.Remoting                                         [] - Remoting started; listening on addresses :[akka.tcp://flink-metrics@seatunnel-flink-streaming-example.flink-operator:46446]
2023-01-31 12:13:37,581 INFO  org.apache.flink.runtime.rpc.akka.AkkaRpcServiceUtils        [] - Actor system started at akka.tcp://flink-metrics@seatunnel-flink-streaming-example.flink-operator:46446
2023-01-31 12:13:37,606 INFO  org.apache.flink.runtime.rpc.akka.AkkaRpcService             [] - Starting RPC endpoint for org.apache.flink.runtime.metrics.dump.MetricQueryService at akka://flink-metrics/user/rpc/MetricQueryService .
2023-01-31 12:13:37,907 INFO  org.apache.flink.configuration.Configuration                 [] - Config uses fallback configuration key 'jobmanager.rpc.address' instead of key 'rest.address'
2023-01-31 12:13:37,909 INFO  org.apache.flink.runtime.jobmaster.MiniDispatcherRestEndpoint [] - Upload directory /tmp/flink-web-f0a3c23a-d256-4443-b04d-30a3a415490d/flink-web-upload does not exist.
2023-01-31 12:13:37,910 INFO  org.apache.flink.runtime.jobmaster.MiniDispatcherRestEndpoint [] - Created directory /tmp/flink-web-f0a3c23a-d256-4443-b04d-30a3a415490d/flink-web-upload for file uploads.
2023-01-31 12:13:37,980 INFO  org.apache.flink.runtime.jobmaster.MiniDispatcherRestEndpoint [] - Starting rest endpoint.
2023-01-31 12:13:38,191 INFO  org.apache.flink.runtime.webmonitor.WebMonitorUtils          [] - Determined location of main cluster component log file: /opt/flink/log/flink--kubernetes-application-0-seatunnel-flink-streaming-example-84c78b4c9-f7x9m.log
2023-01-31 12:13:38,191 INFO  org.apache.flink.runtime.webmonitor.WebMonitorUtils          [] - Determined location of main cluster component stdout file: /opt/flink/log/flink--kubernetes-application-0-seatunnel-flink-streaming-example-84c78b4c9-f7x9m.out
2023-01-31 12:13:38,420 INFO  org.apache.flink.runtime.jobmaster.MiniDispatcherRestEndpoint [] - Rest endpoint listening at seatunnel-flink-streaming-example.flink-operator:8081
2023-01-31 12:13:38,421 INFO  org.apache.flink.runtime.jobmaster.MiniDispatcherRestEndpoint [] - http://seatunnel-flink-streaming-example.flink-operator:8081 was granted leadership with leaderSessionID=00000000-0000-0000-0000-000000000000
2023-01-31 12:13:38,424 INFO  org.apache.flink.runtime.jobmaster.MiniDispatcherRestEndpoint [] - Web frontend listening at http://seatunnel-flink-streaming-example.flink-operator:8081.
2023-01-31 12:13:38,518 INFO  org.apache.flink.runtime.util.config.memory.ProcessMemoryUtils [] - The derived from fraction jvm overhead memory (102.400mb (107374184 bytes)) is less than its min value 192.000mb (201326592 bytes), min value will be used instead
2023-01-31 12:13:38,519 INFO  org.apache.flink.runtime.util.config.memory.ProcessMemoryUtils [] - The derived from fraction network memory (57.600mb (60397978 bytes)) is less than its min value 64.000mb (67108864 bytes), min value will be used instead
2023-01-31 12:13:39,015 INFO  org.apache.flink.configuration.GlobalConfiguration           [] - Loading configuration property: blob.server.port, 6124
2023-01-31 12:13:39,016 INFO  org.apache.flink.configuration.GlobalConfiguration           [] - Loading configuration property: kubernetes.jobmanager.annotations, flinkdeployment.flink.apache.org/generation:2
2023-01-31 12:13:39,016 INFO  org.apache.flink.configuration.GlobalConfiguration           [] - Loading configuration property: kubernetes.jobmanager.replicas, 1
2023-01-31 12:13:39,016 INFO  org.apache.flink.configuration.GlobalConfiguration           [] - Loading configuration property: jobmanager.rpc.address, seatunnel-flink-streaming-example.flink-operator
2023-01-31 12:13:39,016 INFO  org.apache.flink.configuration.GlobalConfiguration           [] - Loading configuration property: kubernetes.taskmanager.cpu, 1.0
2023-01-31 12:13:39,016 INFO  org.apache.flink.configuration.GlobalConfiguration           [] - Loading configuration property: kubernetes.service-account, flink
2023-01-31 12:13:39,016 INFO  org.apache.flink.configuration.GlobalConfiguration           [] - Loading configuration property: kubernetes.cluster-id, seatunnel-flink-streaming-example
2023-01-31 12:13:39,016 INFO  org.apache.flink.configuration.GlobalConfiguration           [] - Loading configuration property: $internal.application.program-args, --config;/data/flink.streaming.conf
2023-01-31 12:13:39,017 INFO  org.apache.flink.configuration.GlobalConfiguration           [] - Loading configuration property: kubernetes.container.image, seatunnel:2.3.0-flink-1.13
2023-01-31 12:13:39,017 INFO  org.apache.flink.configuration.GlobalConfiguration           [] - Loading configuration property: parallelism.default, 2
2023-01-31 12:13:39,017 INFO  org.apache.flink.configuration.GlobalConfiguration           [] - Loading configuration property: kubernetes.namespace, flink-operator
2023-01-31 12:13:39,017 INFO  org.apache.flink.configuration.GlobalConfiguration           [] - Loading configuration property: taskmanager.numberOfTaskSlots, 2
2023-01-31 12:13:39,017 INFO  org.apache.flink.configuration.GlobalConfiguration           [] - Loading configuration property: kubernetes.rest-service.exposed.type, ClusterIP
2023-01-31 12:13:39,017 INFO  org.apache.flink.configuration.GlobalConfiguration           [] - Loading configuration property: kubernetes.jobmanager.owner.reference, uid:8f55a816-a4a9-45fc-ac2d-4b0f99b71310,name:seatunnel-flink-streaming-example,controller:false,blockOwnerDeletion:false,apiVersion:flink.apache.org/v1beta1,kind:FlinkDeployment
2023-01-31 12:13:39,017 INFO  org.apache.flink.configuration.GlobalConfiguration           [] - Loading configuration property: $internal.application.main, org.apache.seatunnel.core.starter.flink.SeatunnelFlink
2023-01-31 12:13:39,017 INFO  org.apache.flink.configuration.GlobalConfiguration           [] - Loading configuration property: taskmanager.memory.process.size, 1024m
2023-01-31 12:13:39,018 INFO  org.apache.flink.configuration.GlobalConfiguration           [] - Loading configuration property: kubernetes.internal.jobmanager.entrypoint.class, org.apache.flink.kubernetes.entrypoint.KubernetesApplicationClusterEntrypoint
2023-01-31 12:13:39,018 INFO  org.apache.flink.configuration.GlobalConfiguration           [] - Loading configuration property: pipeline.name, seatunnel-flink-streaming-example
2023-01-31 12:13:39,018 INFO  org.apache.flink.configuration.GlobalConfiguration           [] - Loading configuration property: kubernetes.pod-template-file, /tmp/flink_op_generated_podTemplate_392333082571286211.yaml
2023-01-31 12:13:39,018 INFO  org.apache.flink.configuration.GlobalConfiguration           [] - Loading configuration property: web.cancel.enable, false
2023-01-31 12:13:39,018 INFO  org.apache.flink.configuration.GlobalConfiguration           [] - Loading configuration property: execution.target, kubernetes-application
2023-01-31 12:13:39,018 INFO  org.apache.flink.configuration.GlobalConfiguration           [] - Loading configuration property: jobmanager.memory.process.size, 1024m
2023-01-31 12:13:39,018 INFO  org.apache.flink.configuration.GlobalConfiguration           [] - Loading configuration property: taskmanager.rpc.port, 6122
2023-01-31 12:13:39,018 INFO  org.apache.flink.configuration.GlobalConfiguration           [] - Loading configuration property: internal.cluster.execution-mode, NORMAL
2023-01-31 12:13:39,018 INFO  org.apache.flink.configuration.GlobalConfiguration           [] - Loading configuration property: $internal.pipeline.job-id, 4228f2bd87c3336766a6a7a00a2aace1
2023-01-31 12:13:39,019 INFO  org.apache.flink.configuration.GlobalConfiguration           [] - Loading configuration property: execution.checkpointing.externalized-checkpoint-retention, RETAIN_ON_CANCELLATION
2023-01-31 12:13:39,019 INFO  org.apache.flink.configuration.GlobalConfiguration           [] - Loading configuration property: pipeline.jars, local:///opt/seatunnel/starter/seatunnel-flink-starter.jar
2023-01-31 12:13:39,019 INFO  org.apache.flink.configuration.GlobalConfiguration           [] - Loading configuration property: kubernetes.jobmanager.cpu, 1.0
2023-01-31 12:13:39,078 INFO  org.apache.flink.configuration.GlobalConfiguration           [] - Loading configuration property: $internal.flink.version, v1_13
2023-01-31 12:13:39,089 INFO  org.apache.flink.runtime.rpc.akka.AkkaRpcService             [] - Starting RPC endpoint for org.apache.flink.runtime.resourcemanager.active.ActiveResourceManager at akka://flink/user/rpc/resourcemanager_0 .
2023-01-31 12:13:39,121 INFO  org.apache.flink.runtime.dispatcher.runner.DefaultDispatcherRunner [] - DefaultDispatcherRunner was granted leadership with leader id 00000000-0000-0000-0000-000000000000. Creating new DispatcherLeaderProcess.
2023-01-31 12:13:39,183 INFO  org.apache.flink.runtime.dispatcher.runner.SessionDispatcherLeaderProcess [] - Start SessionDispatcherLeaderProcess.
2023-01-31 12:13:39,186 INFO  org.apache.flink.runtime.dispatcher.runner.SessionDispatcherLeaderProcess [] - Recover all persisted job graphs.
2023-01-31 12:13:39,187 INFO  org.apache.flink.runtime.dispatcher.runner.SessionDispatcherLeaderProcess [] - Successfully recovered 0 persisted job graphs.
2023-01-31 12:13:39,187 INFO  org.apache.flink.runtime.resourcemanager.active.ActiveResourceManager [] - Starting the resource manager.
2023-01-31 12:13:39,293 INFO  org.apache.flink.runtime.rpc.akka.AkkaRpcService             [] - Starting RPC endpoint for org.apache.flink.runtime.dispatcher.StandaloneDispatcher at akka://flink/user/rpc/dispatcher_1 .
2023-01-31 12:13:39,380 INFO  org.apache.flink.client.ClientUtils                          [] - Starting program (detached: true)
2023-01-31 12:13:39,585 INFO  org.apache.seatunnel.core.starter.config.ConfigBuilder       [] - Loading config file: /data/flink.streaming.conf
2023-01-31 12:13:39,708 INFO  org.apache.seatunnel.core.starter.config.ConfigBuilder       [] - parsed config file: {
    "env" : {
        "execution.parallelism" : 1,
        "job.mode" : "STREAMING",
        "checkpoint.interval" : 2000
    },
    "source" : [
        {
            "schema" : {
                "fields" : {
                    "name" : "string",
                    "age" : "int"
                }
            },
            "row.num" : 160000,
            "result_table_name" : "fake",
            "plugin_name" : "FakeSource"
        }
    ],
    "transform" : [],
    "sink" : [
        {
            "plugin_name" : "Console"
        }
    ]
}

2023-01-31 12:13:39,802 INFO  org.apache.seatunnel.plugin.discovery.AbstractPluginDiscovery [] - Load SeaTunnelSource Plugin from /opt/seatunnel/connectors/seatunnel
2023-01-31 12:13:39,890 INFO  org.apache.seatunnel.plugin.discovery.AbstractPluginDiscovery [] - Discovery plugin jar: FakeSource at: file:/opt/seatunnel/connectors/seatunnel/connector-fake-2.3.0.jar
2023-01-31 12:13:39,896 INFO  org.apache.seatunnel.plugin.discovery.AbstractPluginDiscovery [] - Load plugin: PluginIdentifier{engineType='seatunnel', pluginType='source', pluginName='FakeSource'} from path: file:/opt/seatunnel/connectors/seatunnel/connector-fake-2.3.0.jar use classloader: org.apache.flink.runtime.execution.librarycache.FlinkUserCodeClassLoaders$SafetyNetWrapperClassLoader
2023-01-31 12:13:40,500 INFO  org.apache.seatunnel.plugin.discovery.AbstractPluginDiscovery [] - Load BaseFlinkTransform Plugin from /opt/seatunnel/connectors/seatunnel
2023-01-31 12:13:40,505 INFO  org.apache.seatunnel.plugin.discovery.AbstractPluginDiscovery [] - Load SeaTunnelSink Plugin from /opt/seatunnel/connectors/seatunnel
2023-01-31 12:13:40,506 INFO  org.apache.seatunnel.plugin.discovery.AbstractPluginDiscovery [] - Discovery plugin jar: Console at: file:/opt/seatunnel/connectors/seatunnel/connector-console-2.3.0.jar
2023-01-31 12:13:40,510 INFO  org.apache.seatunnel.plugin.discovery.AbstractPluginDiscovery [] - Load plugin: PluginIdentifier{engineType='seatunnel', pluginType='sink', pluginName='Console'} from path: file:/opt/seatunnel/connectors/seatunnel/connector-console-2.3.0.jar use classloader: org.apache.flink.runtime.execution.librarycache.FlinkUserCodeClassLoaders$SafetyNetWrapperClassLoader
2023-01-31 12:13:40,511 INFO  org.apache.seatunnel.core.starter.flink.execution.FlinkExecution [] - Inject jar to config: file:/opt/seatunnel/starter/seatunnel-flink-starter.jar
2023-01-31 12:13:40,511 INFO  org.apache.seatunnel.core.starter.flink.execution.FlinkExecution [] - Inject jar to config: file:/opt/seatunnel/lib/seatunnel-transforms-v2.jar
2023-01-31 12:13:40,511 INFO  org.apache.seatunnel.core.starter.flink.execution.FlinkExecution [] - Inject jar to config: file:/opt/seatunnel/connectors/seatunnel/connector-fake-2.3.0.jar
2023-01-31 12:13:40,511 INFO  org.apache.seatunnel.core.starter.flink.execution.FlinkExecution [] - Inject jar to config: file:/opt/seatunnel/connectors/seatunnel/connector-console-2.3.0.jar
2023-01-31 12:13:40,512 INFO  org.apache.seatunnel.core.starter.flink.execution.FlinkExecution [] - Inject jar to config: file:/opt/seatunnel/starter/seatunnel-flink-starter.jar
2023-01-31 12:13:40,513 INFO  org.apache.seatunnel.core.starter.flink.execution.FlinkExecution [] - Inject jar to config: file:/opt/seatunnel/lib/seatunnel-transforms-v2.jar
2023-01-31 12:13:40,513 INFO  org.apache.seatunnel.core.starter.flink.execution.FlinkExecution [] - Inject jar to config: file:/opt/seatunnel/connectors/seatunnel/connector-fake-2.3.0.jar
2023-01-31 12:13:40,513 INFO  org.apache.seatunnel.core.starter.flink.execution.FlinkExecution [] - Inject jar to config: file:/opt/seatunnel/connectors/seatunnel/connector-console-2.3.0.jar
2023-01-31 12:13:43,110 INFO  org.apache.flink.kubernetes.KubernetesResourceManagerDriver  [] - Recovered 0 pods from previous attempts, current attempt id is 1.
2023-01-31 12:13:43,111 INFO  org.apache.flink.runtime.resourcemanager.active.ActiveResourceManager [] - Recovered 0 workers from previous attempt.
2023-01-31 12:13:43,192 INFO  org.apache.flink.runtime.resourcemanager.active.ActiveResourceManager [] - ResourceManager akka.tcp://flink@seatunnel-flink-streaming-example.flink-operator:6123/user/rpc/resourcemanager_0 was granted leadership with fencing token 00000000000000000000000000000000
2023-01-31 12:13:43,697 INFO  org.apache.seatunnel.core.starter.flink.execution.FlinkExecution [] - Flink Execution Plan:{
  "nodes" : [ {
    "id" : 1,
    "type" : "Source: SeaTunnel FakeSource",
    "pact" : "Data Source",
    "contents" : "Source: SeaTunnel FakeSource",
    "parallelism" : 1
  }, {
    "id" : 3,
    "type" : "Sink Writer: Console",
    "pact" : "Operator",
    "contents" : "Sink Writer: Console",
    "parallelism" : 1,
    "predecessors" : [ {
      "id" : 1,
      "ship_strategy" : "FORWARD",
      "side" : "second"
    } ]
  } ]
}
2023-01-31 12:13:44,084 INFO  org.apache.flink.client.deployment.application.executors.EmbeddedExecutor [] - Job 4228f2bd87c3336766a6a7a00a2aace1 is submitted.
2023-01-31 12:13:44,085 INFO  org.apache.flink.client.deployment.application.executors.EmbeddedExecutor [] - Submitting Job with JobId=4228f2bd87c3336766a6a7a00a2aace1.
2023-01-31 12:13:44,748 INFO  org.apache.flink.runtime.dispatcher.StandaloneDispatcher     [] - Received JobGraph submission 4228f2bd87c3336766a6a7a00a2aace1 (seatunnel).
2023-01-31 12:13:44,751 INFO  org.apache.flink.runtime.dispatcher.StandaloneDispatcher     [] - Submitting job 4228f2bd87c3336766a6a7a00a2aace1 (seatunnel).
2023-01-31 12:13:44,810 INFO  org.apache.flink.runtime.rpc.akka.AkkaRpcService             [] - Starting RPC endpoint for org.apache.flink.runtime.jobmaster.JobMaster at akka://flink/user/rpc/jobmanager_2 .
2023-01-31 12:13:44,824 INFO  org.apache.flink.runtime.jobmaster.JobMaster                 [] - Initializing job seatunnel (4228f2bd87c3336766a6a7a00a2aace1).
2023-01-31 12:13:44,898 INFO  org.apache.flink.runtime.jobmaster.JobMaster                 [] - Using restart back off time strategy NoRestartBackoffTimeStrategy for seatunnel (4228f2bd87c3336766a6a7a00a2aace1).
2023-01-31 12:13:44,990 INFO  org.apache.flink.runtime.jobmaster.JobMaster                 [] - Running initialization on master for job seatunnel (4228f2bd87c3336766a6a7a00a2aace1).
2023-01-31 12:13:44,991 INFO  org.apache.flink.runtime.jobmaster.JobMaster                 [] - Successfully ran initialization on master in 0 ms.
2023-01-31 12:13:45,016 INFO  org.apache.flink.runtime.scheduler.adapter.DefaultExecutionTopology [] - Built 1 pipelined regions in 2 ms
2023-01-31 12:13:45,036 INFO  org.apache.flink.runtime.jobmaster.JobMaster                 [] - No state backend has been configured, using default (HashMap) org.apache.flink.runtime.state.hashmap.HashMapStateBackend@7af03ef0
2023-01-31 12:13:45,039 INFO  org.apache.flink.runtime.jobmaster.JobMaster                 [] - Checkpoint storage is set to 'jobmanager'
2023-01-31 12:13:45,118 INFO  org.apache.flink.runtime.checkpoint.CheckpointCoordinator    [] - No checkpoint found during restore.
2023-01-31 12:13:45,128 INFO  org.apache.flink.runtime.jobmaster.JobMaster                 [] - Using failover strategy org.apache.flink.runtime.executiongraph.failover.flip1.RestartPipelinedRegionFailoverStrategy@3087ce76 for seatunnel (4228f2bd87c3336766a6a7a00a2aace1).
2023-01-31 12:13:45,153 INFO  org.apache.flink.runtime.jobmaster.JobMaster                 [] - Starting execution of job seatunnel (4228f2bd87c3336766a6a7a00a2aace1) under job master id 00000000000000000000000000000000.
2023-01-31 12:13:45,156 INFO  org.apache.flink.runtime.jobmaster.JobMaster                 [] - Starting scheduling with scheduling strategy [org.apache.flink.runtime.scheduler.strategy.PipelinedRegionSchedulingStrategy]
2023-01-31 12:13:45,156 INFO  org.apache.flink.runtime.executiongraph.ExecutionGraph       [] - Job seatunnel (4228f2bd87c3336766a6a7a00a2aace1) switched from state CREATED to RUNNING.
2023-01-31 12:13:45,164 INFO  org.apache.flink.runtime.executiongraph.ExecutionGraph       [] - Source: SeaTunnel FakeSource -> Sink Writer: Console (1/1) (1665d2d011b2f6cf6525c0e5e75ec251) switched from CREATED to SCHEDULED.
2023-01-31 12:13:45,204 INFO  org.apache.flink.runtime.jobmaster.JobMaster                 [] - Connecting to ResourceManager akka.tcp://flink@seatunnel-flink-streaming-example.flink-operator:6123/user/rpc/resourcemanager_*(00000000000000000000000000000000)
2023-01-31 12:13:45,215 INFO  org.apache.flink.runtime.jobmaster.JobMaster                 [] - Resolved ResourceManager address, beginning registration
2023-01-31 12:13:45,218 INFO  org.apache.flink.runtime.resourcemanager.active.ActiveResourceManager [] - Registering job manager 00000000000000000000000000000000@akka.tcp://flink@seatunnel-flink-streaming-example.flink-operator:6123/user/rpc/jobmanager_2 for job 4228f2bd87c3336766a6a7a00a2aace1.
2023-01-31 12:13:45,290 INFO  org.apache.flink.runtime.resourcemanager.active.ActiveResourceManager [] - Registered job manager 00000000000000000000000000000000@akka.tcp://flink@seatunnel-flink-streaming-example.flink-operator:6123/user/rpc/jobmanager_2 for job 4228f2bd87c3336766a6a7a00a2aace1.
2023-01-31 12:13:45,300 INFO  org.apache.flink.runtime.jobmaster.JobMaster                 [] - JobManager successfully registered at ResourceManager, leader id: 00000000000000000000000000000000.
2023-01-31 12:13:45,307 INFO  org.apache.flink.runtime.resourcemanager.slotmanager.DeclarativeSlotManager [] - Received resource requirements from job 4228f2bd87c3336766a6a7a00a2aace1: [ResourceRequirement{resourceProfile=ResourceProfile{UNKNOWN}, numberOfRequiredSlots=1}]
2023-01-31 12:13:45,322 INFO  org.apache.flink.runtime.resourcemanager.active.ActiveResourceManager [] - Requesting new worker with resource spec WorkerResourceSpec {cpuCores=1.0, taskHeapSize=25.600mb (26843542 bytes), taskOffHeapSize=0 bytes, networkMemSize=64.000mb (67108864 bytes), managedMemSize=230.400mb (241591914 bytes), numSlots=2}, current pending count: 1.
2023-01-31 12:13:45,382 INFO  org.apache.flink.runtime.externalresource.ExternalResourceUtils [] - Enabled external resources: []
2023-01-31 12:13:45,473 INFO  org.apache.flink.configuration.Configuration                 [] - Config uses fallback configuration key 'kubernetes.service-account' instead of key 'kubernetes.taskmanager.service-account'
2023-01-31 12:13:45,500 INFO  org.apache.flink.kubernetes.KubernetesResourceManagerDriver  [] - Creating new TaskManager pod with name seatunnel-flink-streaming-example-taskmanager-1-1 and resource <1024,1.0>.
2023-01-31 12:13:46,022 INFO  org.apache.flink.kubernetes.KubernetesResourceManagerDriver  [] - Pod seatunnel-flink-streaming-example-taskmanager-1-1 is created.
2023-01-31 12:13:46,102 INFO  org.apache.flink.kubernetes.KubernetesResourceManagerDriver  [] - Received new TaskManager pod: seatunnel-flink-streaming-example-taskmanager-1-1
2023-01-31 12:13:46,105 INFO  org.apache.flink.runtime.resourcemanager.active.ActiveResourceManager [] - Requested worker seatunnel-flink-streaming-example-taskmanager-1-1 with resource spec WorkerResourceSpec {cpuCores=1.0, taskHeapSize=25.600mb (26843542 bytes), taskOffHeapSize=0 bytes, networkMemSize=64.000mb (67108864 bytes), managedMemSize=230.400mb (241591914 bytes), numSlots=2}.
2023-01-31 12:13:54,110 INFO  org.apache.flink.runtime.resourcemanager.active.ActiveResourceManager [] - Registering TaskManager with ResourceID seatunnel-flink-streaming-example-taskmanager-1-1 (akka.tcp://flink@100.103.244.106:6122/user/rpc/taskmanager_0) at ResourceManager
2023-01-31 12:13:54,152 INFO  org.apache.flink.runtime.resourcemanager.active.ActiveResourceManager [] - Worker seatunnel-flink-streaming-example-taskmanager-1-1 is registered.
2023-01-31 12:13:54,153 INFO  org.apache.flink.runtime.resourcemanager.active.ActiveResourceManager [] - Worker seatunnel-flink-streaming-example-taskmanager-1-1 with resource spec WorkerResourceSpec {cpuCores=1.0, taskHeapSize=25.600mb (26843542 bytes), taskOffHeapSize=0 bytes, networkMemSize=64.000mb (67108864 bytes), managedMemSize=230.400mb (241591914 bytes), numSlots=2} was requested in current attempt. Current pending count after registering: 0.
2023-01-31 12:13:54,349 INFO  org.apache.flink.runtime.executiongraph.ExecutionGraph       [] - Source: SeaTunnel FakeSource -> Sink Writer: Console (1/1) (1665d2d011b2f6cf6525c0e5e75ec251) switched from SCHEDULED to DEPLOYING.
2023-01-31 12:13:56,684 INFO  org.apache.flink.runtime.executiongraph.ExecutionGraph       [] - Deploying Source: SeaTunnel FakeSource -> Sink Writer: Console (1/1) (attempt #0) with attempt id 1665d2d011b2f6cf6525c0e5e75ec251 to seatunnel-flink-streaming-example-taskmanager-1-1 @ 100.103.244.106 (dataPort=39137) with allocation id fbe162650c4126649afcdaff00e46875
2023-01-31 12:13:57,794 INFO  org.apache.flink.runtime.executiongraph.ExecutionGraph       [] - Source: SeaTunnel FakeSource -> Sink Writer: Console (1/1) (1665d2d011b2f6cf6525c0e5e75ec251) switched from DEPLOYING to INITIALIZING.
2023-01-31 12:13:58,203 INFO  org.apache.flink.runtime.executiongraph.ExecutionGraph       [] - Source: SeaTunnel FakeSource -> Sink Writer: Console (1/1) (1665d2d011b2f6cf6525c0e5e75ec251) switched from INITIALIZING to RUNNING.