...
subtaskIndex=0: row=159973 : dnXGt, 773610436
subtaskIndex=0: row=159974 : NEXRW, 863470851
subtaskIndex=0: row=159975 : cqULO, 107163682
subtaskIndex=0: row=159976 : OmNcU, 982950047
subtaskIndex=0: row=159977 : Jhuju, 294110230
subtaskIndex=0: row=159978 : FIzEg, 540523141
subtaskIndex=0: row=159979 : BYFHy, 1475148249
subtaskIndex=0: row=159980 : KNvsw, 509871663
subtaskIndex=0: row=159981 : KLMrJ, 1741219404
subtaskIndex=0: row=159982 : ahItm, 1937482154
subtaskIndex=0: row=159983 : KqpKR, 1926088166
subtaskIndex=0: row=159984 : RizwC, 1347246805
subtaskIndex=0: row=159985 : fxDCR, 1463655046
subtaskIndex=0: row=159986 : ceIvN, 1770590074
subtaskIndex=0: row=159987 : gdSIh, 474364537
subtaskIndex=0: row=159988 : ARsxH, 1587021102
subtaskIndex=0: row=159989 : wqDVv, 787455116
subtaskIndex=0: row=159990 : RYZiD, 1504043291
subtaskIndex=0: row=159991 : VVgpp, 978840000
subtaskIndex=0: row=159992 : JxrOC, 1493825495
subtaskIndex=0: row=159993 : YmCZR, 654146216
subtaskIndex=0: row=159994 : LdmUn, 643140261
subtaskIndex=0: row=159995 : tURkE, 837012821
subtaskIndex=0: row=159996 : uPDfd, 2021489045
subtaskIndex=0: row=159997 : mjrdG, 2074957853
subtaskIndex=0: row=159998 : xbeUi, 864518418
subtaskIndex=0: row=159999 : sSWLb, 1924451911
subtaskIndex=0: row=160000 : AuPlM, 1255017876
2023-01-31 12:14:02,737 INFO  org.apache.seatunnel.connectors.seatunnel.fake.source.FakeSourceReader [] - 160000 rows of data have been generated in split(0). Generation time: 1675167239217
