sed: couldn't open temporary file /opt/flink/conf/sedWeyBW8: Read-only file system
sed: couldn't open temporary file /opt/flink/conf/sedSBdPJv: Read-only file system
/docker-entrypoint.sh: line 73: /opt/flink/conf/flink-conf.yaml: Read-only file system
sed: couldn't open temporary file /opt/flink/conf/sednDXRa8: Read-only file system
/docker-entrypoint.sh: line 88: /opt/flink/conf/flink-conf.yaml.tmp: Read-only file system
Starting kubernetes-application as a console application on host seatunnel-flink-streaming-example-bb8dd78ff-ggg69.
2023-01-31 08:28:17,611 INFO  org.apache.flink.runtime.entrypoint.ClusterEntrypoint        [] - --------------------------------------------------------------------------------
2023-01-31 08:28:17,613 INFO  org.apache.flink.runtime.entrypoint.ClusterEntrypoint        [] -  Preconfiguration:
2023-01-31 08:28:17,613 INFO  org.apache.flink.runtime.entrypoint.ClusterEntrypoint        [] -


RESOURCE_PARAMS extraction logs:
jvm_params: -Xmx469762048 -Xms469762048 -XX:MaxMetaspaceSize=268435456
dynamic_configs: -D jobmanager.memory.off-heap.size=134217728b -D jobmanager.memory.jvm-overhead.min=201326592b -D jobmanager.memory.jvm-metaspace.size=268435456b -D jobmanager.memory.heap.size=469762048b -D jobmanager.memory.jvm-overhead.max=201326592b
logs: INFO  [] - Loading configuration property: blob.server.port, 6124
INFO  [] - Loading configuration property: kubernetes.jobmanager.annotations, flinkdeployment.flink.apache.org/generation:2
INFO  [] - Loading configuration property: kubernetes.jobmanager.replicas, 1
INFO  [] - Loading configuration property: jobmanager.rpc.address, seatunnel-flink-streaming-example.flink-operator
INFO  [] - Loading configuration property: kubernetes.taskmanager.cpu, 1.0
INFO  [] - Loading configuration property: kubernetes.service-account, flink
INFO  [] - Loading configuration property: kubernetes.cluster-id, seatunnel-flink-streaming-example
INFO  [] - Loading configuration property: $internal.application.program-args, --config;/data/flink.streaming.conf
INFO  [] - Loading configuration property: kubernetes.container.image, seatunnel:2.1.2-flink-1.13
INFO  [] - Loading configuration property: parallelism.default, 2
INFO  [] - Loading configuration property: kubernetes.namespace, flink-operator
INFO  [] - Loading configuration property: taskmanager.numberOfTaskSlots, 2
INFO  [] - Loading configuration property: kubernetes.rest-service.exposed.type, ClusterIP
INFO  [] - Loading configuration property: kubernetes.jobmanager.owner.reference, uid:ed7e7b62-cd4e-468d-b5f7-4608fbc52d27,name:seatunnel-flink-streaming-example,controller:false,blockOwnerDeletion:false,apiVersion:flink.apache.org/v1beta1,kind:FlinkDeployment
INFO  [] - Loading configuration property: $internal.application.main, org.apache.seatunnel.core.flink.SeatunnelFlink
INFO  [] - Loading configuration property: taskmanager.memory.process.size, 1024m
INFO  [] - Loading configuration property: kubernetes.internal.jobmanager.entrypoint.class, org.apache.flink.kubernetes.entrypoint.KubernetesApplicationClusterEntrypoint
INFO  [] - Loading configuration property: pipeline.name, seatunnel-flink-streaming-example
INFO  [] - Loading configuration property: kubernetes.pod-template-file, /tmp/flink_op_generated_podTemplate_17372060282096259180.yaml
INFO  [] - Loading configuration property: web.cancel.enable, false
INFO  [] - Loading configuration property: execution.target, kubernetes-application
INFO  [] - Loading configuration property: jobmanager.memory.process.size, 1024m
INFO  [] - Loading configuration property: taskmanager.rpc.port, 6122
INFO  [] - Loading configuration property: internal.cluster.execution-mode, NORMAL
INFO  [] - Loading configuration property: $internal.pipeline.job-id, 253359fdf6c06dd25636bcf2ca251327
INFO  [] - Loading configuration property: execution.checkpointing.externalized-checkpoint-retention, RETAIN_ON_CANCELLATION
INFO  [] - Loading configuration property: pipeline.jars, local:///opt/seatunnel/lib/seatunnel-core-flink.jar
INFO  [] - Loading configuration property: kubernetes.jobmanager.cpu, 1.0
INFO  [] - Loading configuration property: $internal.flink.version, v1_13
INFO  [] - The derived from fraction jvm overhead memory (102.400mb (107374184 bytes)) is less than its min value 192.000mb (201326592 bytes), min value will be used instead
INFO  [] - Final Master Memory configuration:
INFO  [] -   Total Process Memory: 1024.000mb (1073741824 bytes)
INFO  [] -     Total Flink Memory: 576.000mb (603979776 bytes)
INFO  [] -       JVM Heap:         448.000mb (469762048 bytes)
INFO  [] -       Off-heap:         128.000mb (134217728 bytes)
INFO  [] -     JVM Metaspace:      256.000mb (268435456 bytes)
INFO  [] -     JVM Overhead:       192.000mb (201326592 bytes)

2023-01-31 08:28:17,613 INFO  org.apache.flink.runtime.entrypoint.ClusterEntrypoint        [] - --------------------------------------------------------------------------------
2023-01-31 08:28:17,613 INFO  org.apache.flink.runtime.entrypoint.ClusterEntrypoint        [] -  Starting KubernetesApplicationClusterEntrypoint (Version: 1.13.6, Scala: 2.12, Rev:b2ca390, Date:2022-02-03T14:54:22+01:00)
2023-01-31 08:28:17,614 INFO  org.apache.flink.runtime.entrypoint.ClusterEntrypoint        [] -  OS current user: flink
2023-01-31 08:28:17,614 INFO  org.apache.flink.runtime.entrypoint.ClusterEntrypoint        [] -  Current Hadoop/Kerberos user: <no hadoop dependency found>
2023-01-31 08:28:17,614 INFO  org.apache.flink.runtime.entrypoint.ClusterEntrypoint        [] -  JVM: OpenJDK 64-Bit Server VM - Oracle Corporation - 1.8/25.342-b07
2023-01-31 08:28:17,614 INFO  org.apache.flink.runtime.entrypoint.ClusterEntrypoint        [] -  Maximum heap size: 433 MiBytes
2023-01-31 08:28:17,614 INFO  org.apache.flink.runtime.entrypoint.ClusterEntrypoint        [] -  JAVA_HOME: /usr/local/openjdk-8
2023-01-31 08:28:17,615 INFO  org.apache.flink.runtime.entrypoint.ClusterEntrypoint        [] -  No Hadoop Dependency available
2023-01-31 08:28:17,615 INFO  org.apache.flink.runtime.entrypoint.ClusterEntrypoint        [] -  JVM Options:
2023-01-31 08:28:17,615 INFO  org.apache.flink.runtime.entrypoint.ClusterEntrypoint        [] -     -Xmx469762048
2023-01-31 08:28:17,615 INFO  org.apache.flink.runtime.entrypoint.ClusterEntrypoint        [] -     -Xms469762048
2023-01-31 08:28:17,615 INFO  org.apache.flink.runtime.entrypoint.ClusterEntrypoint        [] -     -XX:MaxMetaspaceSize=268435456
2023-01-31 08:28:17,615 INFO  org.apache.flink.runtime.entrypoint.ClusterEntrypoint        [] -     -Dlog.file=/opt/flink/log/flink--kubernetes-application-0-seatunnel-flink-streaming-example-bb8dd78ff-ggg69.log
2023-01-31 08:28:17,615 INFO  org.apache.flink.runtime.entrypoint.ClusterEntrypoint        [] -     -Dlog4j.configuration=file:/opt/flink/conf/log4j-console.properties
2023-01-31 08:28:17,616 INFO  org.apache.flink.runtime.entrypoint.ClusterEntrypoint        [] -     -Dlog4j.configurationFile=file:/opt/flink/conf/log4j-console.properties
2023-01-31 08:28:17,616 INFO  org.apache.flink.runtime.entrypoint.ClusterEntrypoint        [] -     -Dlogback.configurationFile=file:/opt/flink/conf/logback-console.xml
2023-01-31 08:28:17,616 INFO  org.apache.flink.runtime.entrypoint.ClusterEntrypoint        [] -  Program Arguments:
2023-01-31 08:28:17,617 INFO  org.apache.flink.runtime.entrypoint.ClusterEntrypoint        [] -     -D
2023-01-31 08:28:17,617 INFO  org.apache.flink.runtime.entrypoint.ClusterEntrypoint        [] -     jobmanager.memory.off-heap.size=134217728b
2023-01-31 08:28:17,617 INFO  org.apache.flink.runtime.entrypoint.ClusterEntrypoint        [] -     -D
2023-01-31 08:28:17,617 INFO  org.apache.flink.runtime.entrypoint.ClusterEntrypoint        [] -     jobmanager.memory.jvm-overhead.min=201326592b
2023-01-31 08:28:17,617 INFO  org.apache.flink.runtime.entrypoint.ClusterEntrypoint        [] -     -D
2023-01-31 08:28:17,617 INFO  org.apache.flink.runtime.entrypoint.ClusterEntrypoint        [] -     jobmanager.memory.jvm-metaspace.size=268435456b
2023-01-31 08:28:17,617 INFO  org.apache.flink.runtime.entrypoint.ClusterEntrypoint        [] -     -D
2023-01-31 08:28:17,618 INFO  org.apache.flink.runtime.entrypoint.ClusterEntrypoint        [] -     jobmanager.memory.heap.size=469762048b
2023-01-31 08:28:17,618 INFO  org.apache.flink.runtime.entrypoint.ClusterEntrypoint        [] -     -D
2023-01-31 08:28:17,618 INFO  org.apache.flink.runtime.entrypoint.ClusterEntrypoint        [] -     jobmanager.memory.jvm-overhead.max=201326592b
2023-01-31 08:28:17,618 INFO  org.apache.flink.runtime.entrypoint.ClusterEntrypoint        [] -  Classpath: /opt/flink/lib/flink-csv-1.13.6.jar:/opt/flink/lib/flink-json-1.13.6.jar:/opt/flink/lib/flink-shaded-zookeeper-3.4.14.jar:/opt/flink/lib/flink-table-blink_2.12-1.13.6.jar:/opt/flink/lib/flink-table_2.12-1.13.6.jar:/opt/flink/lib/log4j-1.2-api-2.17.1.jar:/opt/flink/lib/log4j-api-2.17.1.jar:/opt/flink/lib/log4j-core-2.17.1.jar:/opt/flink/lib/log4j-slf4j-impl-2.17.1.jar:/opt/flink/lib/flink-dist_2.12-1.13.6.jar:::
2023-01-31 08:28:17,618 INFO  org.apache.flink.runtime.entrypoint.ClusterEntrypoint        [] - --------------------------------------------------------------------------------
2023-01-31 08:28:17,619 INFO  org.apache.flink.runtime.entrypoint.ClusterEntrypoint        [] - Registered UNIX signal handlers for [TERM, HUP, INT]
2023-01-31 08:28:17,631 INFO  org.apache.flink.configuration.GlobalConfiguration           [] - Loading configuration property: blob.server.port, 6124
2023-01-31 08:28:17,631 INFO  org.apache.flink.configuration.GlobalConfiguration           [] - Loading configuration property: kubernetes.jobmanager.annotations, flinkdeployment.flink.apache.org/generation:2
2023-01-31 08:28:17,632 INFO  org.apache.flink.configuration.GlobalConfiguration           [] - Loading configuration property: kubernetes.jobmanager.replicas, 1
2023-01-31 08:28:17,632 INFO  org.apache.flink.configuration.GlobalConfiguration           [] - Loading configuration property: jobmanager.rpc.address, seatunnel-flink-streaming-example.flink-operator
2023-01-31 08:28:17,632 INFO  org.apache.flink.configuration.GlobalConfiguration           [] - Loading configuration property: kubernetes.taskmanager.cpu, 1.0
2023-01-31 08:28:17,632 INFO  org.apache.flink.configuration.GlobalConfiguration           [] - Loading configuration property: kubernetes.service-account, flink
2023-01-31 08:28:17,632 INFO  org.apache.flink.configuration.GlobalConfiguration           [] - Loading configuration property: kubernetes.cluster-id, seatunnel-flink-streaming-example
2023-01-31 08:28:17,632 INFO  org.apache.flink.configuration.GlobalConfiguration           [] - Loading configuration property: $internal.application.program-args, --config;/data/flink.streaming.conf
2023-01-31 08:28:17,633 INFO  org.apache.flink.configuration.GlobalConfiguration           [] - Loading configuration property: kubernetes.container.image, seatunnel:2.1.2-flink-1.13
2023-01-31 08:28:17,633 INFO  org.apache.flink.configuration.GlobalConfiguration           [] - Loading configuration property: parallelism.default, 2
2023-01-31 08:28:17,633 INFO  org.apache.flink.configuration.GlobalConfiguration           [] - Loading configuration property: kubernetes.namespace, flink-operator
2023-01-31 08:28:17,633 INFO  org.apache.flink.configuration.GlobalConfiguration           [] - Loading configuration property: taskmanager.numberOfTaskSlots, 2
2023-01-31 08:28:17,633 INFO  org.apache.flink.configuration.GlobalConfiguration           [] - Loading configuration property: kubernetes.rest-service.exposed.type, ClusterIP
2023-01-31 08:28:17,633 INFO  org.apache.flink.configuration.GlobalConfiguration           [] - Loading configuration property: kubernetes.jobmanager.owner.reference, uid:ed7e7b62-cd4e-468d-b5f7-4608fbc52d27,name:seatunnel-flink-streaming-example,controller:false,blockOwnerDeletion:false,apiVersion:flink.apache.org/v1beta1,kind:FlinkDeployment
2023-01-31 08:28:17,633 INFO  org.apache.flink.configuration.GlobalConfiguration           [] - Loading configuration property: $internal.application.main, org.apache.seatunnel.core.flink.SeatunnelFlink
2023-01-31 08:28:17,634 INFO  org.apache.flink.configuration.GlobalConfiguration           [] - Loading configuration property: taskmanager.memory.process.size, 1024m
2023-01-31 08:28:17,634 INFO  org.apache.flink.configuration.GlobalConfiguration           [] - Loading configuration property: kubernetes.internal.jobmanager.entrypoint.class, org.apache.flink.kubernetes.entrypoint.KubernetesApplicationClusterEntrypoint
2023-01-31 08:28:17,634 INFO  org.apache.flink.configuration.GlobalConfiguration           [] - Loading configuration property: pipeline.name, seatunnel-flink-streaming-example
2023-01-31 08:28:17,634 INFO  org.apache.flink.configuration.GlobalConfiguration           [] - Loading configuration property: kubernetes.pod-template-file, /tmp/flink_op_generated_podTemplate_17372060282096259180.yaml
2023-01-31 08:28:17,634 INFO  org.apache.flink.configuration.GlobalConfiguration           [] - Loading configuration property: web.cancel.enable, false
2023-01-31 08:28:17,634 INFO  org.apache.flink.configuration.GlobalConfiguration           [] - Loading configuration property: execution.target, kubernetes-application
2023-01-31 08:28:17,634 INFO  org.apache.flink.configuration.GlobalConfiguration           [] - Loading configuration property: jobmanager.memory.process.size, 1024m
2023-01-31 08:28:17,635 INFO  org.apache.flink.configuration.GlobalConfiguration           [] - Loading configuration property: taskmanager.rpc.port, 6122
2023-01-31 08:28:17,635 INFO  org.apache.flink.configuration.GlobalConfiguration           [] - Loading configuration property: internal.cluster.execution-mode, NORMAL
2023-01-31 08:28:17,635 INFO  org.apache.flink.configuration.GlobalConfiguration           [] - Loading configuration property: $internal.pipeline.job-id, 253359fdf6c06dd25636bcf2ca251327
2023-01-31 08:28:17,635 INFO  org.apache.flink.configuration.GlobalConfiguration           [] - Loading configuration property: execution.checkpointing.externalized-checkpoint-retention, RETAIN_ON_CANCELLATION
2023-01-31 08:28:17,635 INFO  org.apache.flink.configuration.GlobalConfiguration           [] - Loading configuration property: pipeline.jars, local:///opt/seatunnel/lib/seatunnel-core-flink.jar
2023-01-31 08:28:17,635 INFO  org.apache.flink.configuration.GlobalConfiguration           [] - Loading configuration property: kubernetes.jobmanager.cpu, 1.0
2023-01-31 08:28:17,635 INFO  org.apache.flink.configuration.GlobalConfiguration           [] - Loading configuration property: $internal.flink.version, v1_13
2023-01-31 08:28:18,020 INFO  org.apache.flink.runtime.entrypoint.ClusterEntrypoint        [] - Starting KubernetesApplicationClusterEntrypoint.
2023-01-31 08:28:18,034 INFO  org.apache.flink.runtime.entrypoint.ClusterEntrypoint        [] - Install default filesystem.
2023-01-31 08:28:18,038 INFO  org.apache.flink.core.fs.FileSystem                          [] - Hadoop is not in the classpath/dependencies. The extended set of supported File Systems via Hadoop is not available.
2023-01-31 08:28:18,193 INFO  org.apache.flink.runtime.entrypoint.ClusterEntrypoint        [] - Install security context.
2023-01-31 08:28:18,201 INFO  org.apache.flink.runtime.security.modules.HadoopModuleFactory [] - Cannot create Hadoop Security Module because Hadoop cannot be found in the Classpath.
2023-01-31 08:28:18,206 INFO  org.apache.flink.runtime.security.modules.JaasModule         [] - Jaas file will be created as /tmp/jaas-1416462088547888728.conf.
2023-01-31 08:28:18,210 INFO  org.apache.flink.runtime.security.contexts.HadoopSecurityContextFactory [] - Cannot install HadoopSecurityContext because Hadoop cannot be found in the Classpath.
2023-01-31 08:28:18,212 INFO  org.apache.flink.runtime.entrypoint.ClusterEntrypoint        [] - Initializing cluster services.
2023-01-31 08:28:18,235 INFO  org.apache.flink.runtime.rpc.akka.AkkaRpcServiceUtils        [] - Trying to start actor system, external address seatunnel-flink-streaming-example.flink-operator:6123, bind address 0.0.0.0:6123.
2023-01-31 08:28:19,499 INFO  akka.event.slf4j.Slf4jLogger                                 [] - Slf4jLogger started
2023-01-31 08:28:19,531 INFO  akka.remote.Remoting                                         [] - Starting remoting
2023-01-31 08:28:19,816 INFO  akka.remote.Remoting                                         [] - Remoting started; listening on addresses :[akka.tcp://flink@seatunnel-flink-streaming-example.flink-operator:6123]
2023-01-31 08:28:20,108 INFO  org.apache.flink.runtime.rpc.akka.AkkaRpcServiceUtils        [] - Actor system started at akka.tcp://flink@seatunnel-flink-streaming-example.flink-operator:6123
2023-01-31 08:28:20,185 INFO  org.apache.flink.configuration.Configuration                 [] - Config uses fallback configuration key 'jobmanager.rpc.address' instead of key 'rest.address'
2023-01-31 08:28:20,197 INFO  org.apache.flink.runtime.blob.BlobServer                     [] - Created BLOB server storage directory /tmp/blobStore-572cece2-4b89-435c-8d44-ba1aaa03f1fe
2023-01-31 08:28:20,201 INFO  org.apache.flink.runtime.blob.BlobServer                     [] - Started BLOB server at 0.0.0.0:6124 - max concurrent requests: 50 - max backlog: 1000
2023-01-31 08:28:20,213 INFO  org.apache.flink.runtime.metrics.MetricRegistryImpl          [] - No metrics reporter configured, no metrics will be exposed/reported.
2023-01-31 08:28:20,216 INFO  org.apache.flink.runtime.rpc.akka.AkkaRpcServiceUtils        [] - Trying to start actor system, external address seatunnel-flink-streaming-example.flink-operator:0, bind address 0.0.0.0:0.
2023-01-31 08:28:20,292 INFO  akka.event.slf4j.Slf4jLogger                                 [] - Slf4jLogger started
2023-01-31 08:28:20,300 INFO  akka.remote.Remoting                                         [] - Starting remoting
2023-01-31 08:28:20,309 INFO  akka.remote.Remoting                                         [] - Remoting started; listening on addresses :[akka.tcp://flink-metrics@seatunnel-flink-streaming-example.flink-operator:46020]
2023-01-31 08:28:20,382 INFO  org.apache.flink.runtime.rpc.akka.AkkaRpcServiceUtils        [] - Actor system started at akka.tcp://flink-metrics@seatunnel-flink-streaming-example.flink-operator:46020
2023-01-31 08:28:20,397 INFO  org.apache.flink.runtime.rpc.akka.AkkaRpcService             [] - Starting RPC endpoint for org.apache.flink.runtime.metrics.dump.MetricQueryService at akka://flink-metrics/user/rpc/MetricQueryService .
2023-01-31 08:28:20,510 INFO  org.apache.flink.configuration.Configuration                 [] - Config uses fallback configuration key 'jobmanager.rpc.address' instead of key 'rest.address'
2023-01-31 08:28:20,621 INFO  org.apache.flink.runtime.jobmaster.MiniDispatcherRestEndpoint [] - Upload directory /tmp/flink-web-b4207318-0f24-487e-9937-1804648af5d7/flink-web-upload does not exist.
2023-01-31 08:28:20,623 INFO  org.apache.flink.runtime.jobmaster.MiniDispatcherRestEndpoint [] - Created directory /tmp/flink-web-b4207318-0f24-487e-9937-1804648af5d7/flink-web-upload for file uploads.
2023-01-31 08:28:20,701 INFO  org.apache.flink.runtime.jobmaster.MiniDispatcherRestEndpoint [] - Starting rest endpoint.
2023-01-31 08:28:21,012 INFO  org.apache.flink.runtime.webmonitor.WebMonitorUtils          [] - Determined location of main cluster component log file: /opt/flink/log/flink--kubernetes-application-0-seatunnel-flink-streaming-example-bb8dd78ff-ggg69.log
2023-01-31 08:28:21,013 INFO  org.apache.flink.runtime.webmonitor.WebMonitorUtils          [] - Determined location of main cluster component stdout file: /opt/flink/log/flink--kubernetes-application-0-seatunnel-flink-streaming-example-bb8dd78ff-ggg69.out
2023-01-31 08:28:21,485 INFO  org.apache.flink.runtime.jobmaster.MiniDispatcherRestEndpoint [] - Rest endpoint listening at seatunnel-flink-streaming-example.flink-operator:8081
2023-01-31 08:28:21,487 INFO  org.apache.flink.runtime.jobmaster.MiniDispatcherRestEndpoint [] - http://seatunnel-flink-streaming-example.flink-operator:8081 was granted leadership with leaderSessionID=00000000-0000-0000-0000-000000000000
2023-01-31 08:28:21,489 INFO  org.apache.flink.runtime.jobmaster.MiniDispatcherRestEndpoint [] - Web frontend listening at http://seatunnel-flink-streaming-example.flink-operator:8081.
2023-01-31 08:28:21,503 INFO  org.apache.flink.runtime.util.config.memory.ProcessMemoryUtils [] - The derived from fraction jvm overhead memory (102.400mb (107374184 bytes)) is less than its min value 192.000mb (201326592 bytes), min value will be used instead
2023-01-31 08:28:21,504 INFO  org.apache.flink.runtime.util.config.memory.ProcessMemoryUtils [] - The derived from fraction network memory (57.600mb (60397978 bytes)) is less than its min value 64.000mb (67108864 bytes), min value will be used instead
2023-01-31 08:28:22,090 INFO  org.apache.flink.configuration.GlobalConfiguration           [] - Loading configuration property: blob.server.port, 6124
2023-01-31 08:28:22,090 INFO  org.apache.flink.configuration.GlobalConfiguration           [] - Loading configuration property: kubernetes.jobmanager.annotations, flinkdeployment.flink.apache.org/generation:2
2023-01-31 08:28:22,091 INFO  org.apache.flink.configuration.GlobalConfiguration           [] - Loading configuration property: kubernetes.jobmanager.replicas, 1
2023-01-31 08:28:22,091 INFO  org.apache.flink.configuration.GlobalConfiguration           [] - Loading configuration property: jobmanager.rpc.address, seatunnel-flink-streaming-example.flink-operator
2023-01-31 08:28:22,091 INFO  org.apache.flink.configuration.GlobalConfiguration           [] - Loading configuration property: kubernetes.taskmanager.cpu, 1.0
2023-01-31 08:28:22,091 INFO  org.apache.flink.configuration.GlobalConfiguration           [] - Loading configuration property: kubernetes.service-account, flink
2023-01-31 08:28:22,091 INFO  org.apache.flink.configuration.GlobalConfiguration           [] - Loading configuration property: kubernetes.cluster-id, seatunnel-flink-streaming-example
2023-01-31 08:28:22,091 INFO  org.apache.flink.configuration.GlobalConfiguration           [] - Loading configuration property: $internal.application.program-args, --config;/data/flink.streaming.conf
2023-01-31 08:28:22,091 INFO  org.apache.flink.configuration.GlobalConfiguration           [] - Loading configuration property: kubernetes.container.image, seatunnel:2.1.2-flink-1.13
2023-01-31 08:28:22,091 INFO  org.apache.flink.configuration.GlobalConfiguration           [] - Loading configuration property: parallelism.default, 2
2023-01-31 08:28:22,091 INFO  org.apache.flink.configuration.GlobalConfiguration           [] - Loading configuration property: kubernetes.namespace, flink-operator
2023-01-31 08:28:22,091 INFO  org.apache.flink.configuration.GlobalConfiguration           [] - Loading configuration property: taskmanager.numberOfTaskSlots, 2
2023-01-31 08:28:22,091 INFO  org.apache.flink.configuration.GlobalConfiguration           [] - Loading configuration property: kubernetes.rest-service.exposed.type, ClusterIP
2023-01-31 08:28:22,092 INFO  org.apache.flink.configuration.GlobalConfiguration           [] - Loading configuration property: kubernetes.jobmanager.owner.reference, uid:ed7e7b62-cd4e-468d-b5f7-4608fbc52d27,name:seatunnel-flink-streaming-example,controller:false,blockOwnerDeletion:false,apiVersion:flink.apache.org/v1beta1,kind:FlinkDeployment
2023-01-31 08:28:22,092 INFO  org.apache.flink.configuration.GlobalConfiguration           [] - Loading configuration property: $internal.application.main, org.apache.seatunnel.core.flink.SeatunnelFlink
2023-01-31 08:28:22,092 INFO  org.apache.flink.configuration.GlobalConfiguration           [] - Loading configuration property: taskmanager.memory.process.size, 1024m
2023-01-31 08:28:22,092 INFO  org.apache.flink.configuration.GlobalConfiguration           [] - Loading configuration property: kubernetes.internal.jobmanager.entrypoint.class, org.apache.flink.kubernetes.entrypoint.KubernetesApplicationClusterEntrypoint
2023-01-31 08:28:22,092 INFO  org.apache.flink.configuration.GlobalConfiguration           [] - Loading configuration property: pipeline.name, seatunnel-flink-streaming-example
2023-01-31 08:28:22,092 INFO  org.apache.flink.configuration.GlobalConfiguration           [] - Loading configuration property: kubernetes.pod-template-file, /tmp/flink_op_generated_podTemplate_17372060282096259180.yaml
2023-01-31 08:28:22,092 INFO  org.apache.flink.configuration.GlobalConfiguration           [] - Loading configuration property: web.cancel.enable, false
2023-01-31 08:28:22,092 INFO  org.apache.flink.configuration.GlobalConfiguration           [] - Loading configuration property: execution.target, kubernetes-application
2023-01-31 08:28:22,092 INFO  org.apache.flink.configuration.GlobalConfiguration           [] - Loading configuration property: jobmanager.memory.process.size, 1024m
2023-01-31 08:28:22,092 INFO  org.apache.flink.configuration.GlobalConfiguration           [] - Loading configuration property: taskmanager.rpc.port, 6122
2023-01-31 08:28:22,092 INFO  org.apache.flink.configuration.GlobalConfiguration           [] - Loading configuration property: internal.cluster.execution-mode, NORMAL
2023-01-31 08:28:22,092 INFO  org.apache.flink.configuration.GlobalConfiguration           [] - Loading configuration property: $internal.pipeline.job-id, 253359fdf6c06dd25636bcf2ca251327
2023-01-31 08:28:22,092 INFO  org.apache.flink.configuration.GlobalConfiguration           [] - Loading configuration property: execution.checkpointing.externalized-checkpoint-retention, RETAIN_ON_CANCELLATION
2023-01-31 08:28:22,092 INFO  org.apache.flink.configuration.GlobalConfiguration           [] - Loading configuration property: pipeline.jars, local:///opt/seatunnel/lib/seatunnel-core-flink.jar
2023-01-31 08:28:22,092 INFO  org.apache.flink.configuration.GlobalConfiguration           [] - Loading configuration property: kubernetes.jobmanager.cpu, 1.0
2023-01-31 08:28:22,092 INFO  org.apache.flink.configuration.GlobalConfiguration           [] - Loading configuration property: $internal.flink.version, v1_13
2023-01-31 08:28:22,100 INFO  org.apache.flink.runtime.rpc.akka.AkkaRpcService             [] - Starting RPC endpoint for org.apache.flink.runtime.resourcemanager.active.ActiveResourceManager at akka://flink/user/rpc/resourcemanager_0 .
2023-01-31 08:28:22,180 INFO  org.apache.flink.runtime.dispatcher.runner.DefaultDispatcherRunner [] - DefaultDispatcherRunner was granted leadership with leader id 00000000-0000-0000-0000-000000000000. Creating new DispatcherLeaderProcess.
2023-01-31 08:28:22,185 INFO  org.apache.flink.runtime.dispatcher.runner.SessionDispatcherLeaderProcess [] - Start SessionDispatcherLeaderProcess.
2023-01-31 08:28:22,188 INFO  org.apache.flink.runtime.resourcemanager.active.ActiveResourceManager [] - Starting the resource manager.
2023-01-31 08:28:22,188 INFO  org.apache.flink.runtime.dispatcher.runner.SessionDispatcherLeaderProcess [] - Recover all persisted job graphs.
2023-01-31 08:28:22,189 INFO  org.apache.flink.runtime.dispatcher.runner.SessionDispatcherLeaderProcess [] - Successfully recovered 0 persisted job graphs.
2023-01-31 08:28:22,207 INFO  org.apache.flink.runtime.rpc.akka.AkkaRpcService             [] - Starting RPC endpoint for org.apache.flink.runtime.dispatcher.StandaloneDispatcher at akka://flink/user/rpc/dispatcher_1 .
2023-01-31 08:28:22,307 INFO  org.apache.flink.client.ClientUtils                          [] - Starting program (detached: true)
2023-01-31 08:28:22,488 INFO  org.apache.seatunnel.core.base.config.ConfigBuilder          [] - Loading config file: /data/flink.streaming.conf
2023-01-31 08:28:22,601 INFO  org.apache.seatunnel.core.base.config.ConfigBuilder          [] - parsed config file: {
    "env" : {
        "execution.parallelism" : 1
    },
    "source" : [
        {
            "result_table_name" : "fake",
            "plugin_name" : "FakeSourceStream",
            "field_name" : "name,age"
        }
    ],
    "transform" : [
        {
            "plugin_name" : "sql",
            "sql" : "select name,age from fake"
        }
    ],
    "sink" : [
        {
            "plugin_name" : "ConsoleSink"
        }
    ]
}

2023-01-31 08:28:24,082 INFO  org.apache.seatunnel.flink.FlinkEnvironment                  [] - register plugins :[file:/opt/seatunnel/connectors/flink/seatunnel-connector-flink-fake-2.1.2.jar, file:/opt/seatunnel/connectors/flink/seatunnel-connector-flink-console-2.1.2.jar]
2023-01-31 08:28:24,112 INFO  org.apache.seatunnel.core.base.config.ExecutionFactory       [] - current execution is [org.apache.seatunnel.flink.stream.FlinkStreamExecution]
2023-01-31 08:28:24,291 INFO  org.apache.flink.api.java.typeutils.TypeExtractor            [] - class java.util.LinkedHashMap does not contain a getter for field accessOrder
2023-01-31 08:28:24,291 INFO  org.apache.flink.api.java.typeutils.TypeExtractor            [] - class java.util.LinkedHashMap does not contain a setter for field accessOrder
2023-01-31 08:28:24,291 INFO  org.apache.flink.api.java.typeutils.TypeExtractor            [] - Class class java.util.LinkedHashMap cannot be used as a POJO type because not all fields are valid POJO fields, and must be processed as GenericType. Please read the Flink documentation on "Data Types & Serialization" for details of the effect on performance.
2023-01-31 08:28:24,298 INFO  org.apache.flink.api.java.typeutils.TypeExtractor            [] - class org.apache.flink.types.Row is missing a default constructor so it cannot be used as a POJO type and must be processed as GenericType. Please read the Flink documentation on "Data Types & Serialization" for details of the effect on performance.
2023-01-31 08:28:26,283 INFO  org.apache.flink.kubernetes.KubernetesResourceManagerDriver  [] - Recovered 0 pods from previous attempts, current attempt id is 1.
2023-01-31 08:28:26,283 INFO  org.apache.flink.runtime.resourcemanager.active.ActiveResourceManager [] - Recovered 0 workers from previous attempt.
2023-01-31 08:28:26,289 INFO  org.apache.flink.runtime.resourcemanager.active.ActiveResourceManager [] - ResourceManager akka.tcp://flink@seatunnel-flink-streaming-example.flink-operator:6123/user/rpc/resourcemanager_0 was granted leadership with fencing token 00000000000000000000000000000000
2023-01-31 08:28:30,413 INFO  org.apache.flink.api.java.typeutils.TypeExtractor            [] - class java.util.LinkedHashMap does not contain a getter for field accessOrder
2023-01-31 08:28:30,413 INFO  org.apache.flink.api.java.typeutils.TypeExtractor            [] - class java.util.LinkedHashMap does not contain a setter for field accessOrder
2023-01-31 08:28:30,413 INFO  org.apache.flink.api.java.typeutils.TypeExtractor            [] - Class class java.util.LinkedHashMap cannot be used as a POJO type because not all fields are valid POJO fields, and must be processed as GenericType. Please read the Flink documentation on "Data Types & Serialization" for details of the effect on performance.
2023-01-31 08:28:30,413 INFO  org.apache.flink.api.java.typeutils.TypeExtractor            [] - class org.apache.flink.types.Row is missing a default constructor so it cannot be used as a POJO type and must be processed as GenericType. Please read the Flink documentation on "Data Types & Serialization" for details of the effect on performance.
2023-01-31 08:28:30,611 INFO  org.apache.flink.api.java.typeutils.TypeExtractor            [] - class java.util.LinkedHashMap does not contain a getter for field accessOrder
2023-01-31 08:28:30,611 INFO  org.apache.flink.api.java.typeutils.TypeExtractor            [] - class java.util.LinkedHashMap does not contain a setter for field accessOrder
2023-01-31 08:28:30,611 INFO  org.apache.flink.api.java.typeutils.TypeExtractor            [] - Class class java.util.LinkedHashMap cannot be used as a POJO type because not all fields are valid POJO fields, and must be processed as GenericType. Please read the Flink documentation on "Data Types & Serialization" for details of the effect on performance.
2023-01-31 08:28:30,611 INFO  org.apache.flink.api.java.typeutils.TypeExtractor            [] - class org.apache.flink.types.Row is missing a default constructor so it cannot be used as a POJO type and must be processed as GenericType. Please read the Flink documentation on "Data Types & Serialization" for details of the effect on performance.
2023-01-31 08:28:30,738 INFO  org.apache.seatunnel.flink.stream.FlinkStreamExecution       [] - Flink Execution Plan:{
  "nodes" : [ {
    "id" : 1,
    "type" : "Source: Custom Source",
    "pact" : "Data Source",
    "contents" : "Source: Custom Source",
    "parallelism" : 1
  }, {
    "id" : 2,
    "type" : "Map",
    "pact" : "Operator",
    "contents" : "Map",
    "parallelism" : 1,
    "predecessors" : [ {
      "id" : 1,
      "ship_strategy" : "FORWARD",
      "side" : "second"
    } ]
  }, {
    "id" : 3,
    "type" : "to: Tuple2",
    "pact" : "Operator",
    "contents" : "to: Tuple2",
    "parallelism" : 1,
    "predecessors" : [ {
      "id" : 2,
      "ship_strategy" : "FORWARD",
      "side" : "second"
    } ]
  }, {
    "id" : 4,
    "type" : "Filter",
    "pact" : "Operator",
    "contents" : "Filter",
    "parallelism" : 1,
    "predecessors" : [ {
      "id" : 3,
      "ship_strategy" : "FORWARD",
      "side" : "second"
    } ]
  }, {
    "id" : 5,
    "type" : "Map",
    "pact" : "Operator",
    "contents" : "Map",
    "parallelism" : 1,
    "predecessors" : [ {
      "id" : 4,
      "ship_strategy" : "FORWARD",
      "side" : "second"
    } ]
  }, {
    "id" : 6,
    "type" : "Sink: Print to Std. Out",
    "pact" : "Data Sink",
    "contents" : "Sink: Print to Std. Out",
    "parallelism" : 1,
    "predecessors" : [ {
      "id" : 5,
      "ship_strategy" : "FORWARD",
      "side" : "second"
    } ]
  } ]
}
2023-01-31 08:28:30,913 INFO  org.apache.flink.client.deployment.application.executors.EmbeddedExecutor [] - Job 253359fdf6c06dd25636bcf2ca251327 is submitted.
2023-01-31 08:28:30,913 INFO  org.apache.flink.client.deployment.application.executors.EmbeddedExecutor [] - Submitting Job with JobId=253359fdf6c06dd25636bcf2ca251327.
2023-01-31 08:28:31,708 INFO  org.apache.flink.runtime.dispatcher.StandaloneDispatcher     [] - Received JobGraph submission 253359fdf6c06dd25636bcf2ca251327 (seatunnel).
2023-01-31 08:28:31,710 INFO  org.apache.flink.runtime.dispatcher.StandaloneDispatcher     [] - Submitting job 253359fdf6c06dd25636bcf2ca251327 (seatunnel).
2023-01-31 08:28:32,098 INFO  org.apache.flink.runtime.rpc.akka.AkkaRpcService             [] - Starting RPC endpoint for org.apache.flink.runtime.jobmaster.JobMaster at akka://flink/user/rpc/jobmanager_2 .
2023-01-31 08:28:32,116 INFO  org.apache.flink.runtime.jobmaster.JobMaster                 [] - Initializing job seatunnel (253359fdf6c06dd25636bcf2ca251327).
2023-01-31 08:28:32,288 INFO  org.apache.flink.runtime.jobmaster.JobMaster                 [] - Using restart back off time strategy NoRestartBackoffTimeStrategy for seatunnel (253359fdf6c06dd25636bcf2ca251327).
2023-01-31 08:28:32,384 INFO  org.apache.flink.runtime.jobmaster.JobMaster                 [] - Running initialization on master for job seatunnel (253359fdf6c06dd25636bcf2ca251327).
2023-01-31 08:28:32,384 INFO  org.apache.flink.runtime.jobmaster.JobMaster                 [] - Successfully ran initialization on master in 0 ms.
2023-01-31 08:28:32,405 INFO  org.apache.flink.runtime.scheduler.adapter.DefaultExecutionTopology [] - Built 1 pipelined regions in 1 ms
2023-01-31 08:28:32,419 INFO  org.apache.flink.runtime.jobmaster.JobMaster                 [] - No state backend has been configured, using default (HashMap) org.apache.flink.runtime.state.hashmap.HashMapStateBackend@667b4e76
2023-01-31 08:28:32,421 INFO  org.apache.flink.runtime.jobmaster.JobMaster                 [] - Checkpoint storage is set to 'jobmanager'
2023-01-31 08:28:32,535 INFO  org.apache.flink.runtime.checkpoint.CheckpointCoordinator    [] - No checkpoint found during restore.
2023-01-31 08:28:32,544 INFO  org.apache.flink.runtime.jobmaster.JobMaster                 [] - Using failover strategy org.apache.flink.runtime.executiongraph.failover.flip1.RestartPipelinedRegionFailoverStrategy@70b15dc6 for seatunnel (253359fdf6c06dd25636bcf2ca251327).
2023-01-31 08:28:32,561 INFO  org.apache.flink.runtime.jobmaster.JobMaster                 [] - Starting execution of job seatunnel (253359fdf6c06dd25636bcf2ca251327) under job master id 00000000000000000000000000000000.
2023-01-31 08:28:32,564 INFO  org.apache.flink.runtime.jobmaster.JobMaster                 [] - Starting scheduling with scheduling strategy [org.apache.flink.runtime.scheduler.strategy.PipelinedRegionSchedulingStrategy]
2023-01-31 08:28:32,564 INFO  org.apache.flink.runtime.executiongraph.ExecutionGraph       [] - Job seatunnel (253359fdf6c06dd25636bcf2ca251327) switched from state CREATED to RUNNING.
2023-01-31 08:28:32,571 INFO  org.apache.flink.runtime.executiongraph.ExecutionGraph       [] - Source: Custom Source -> Map -> to: Tuple2 -> Filter -> Map -> Sink: Print to Std. Out (1/1) (2e81669ef7d12da7de63bb29b884c047) switched from CREATED to SCHEDULED.
2023-01-31 08:28:32,593 INFO  org.apache.flink.runtime.jobmaster.JobMaster                 [] - Connecting to ResourceManager akka.tcp://flink@seatunnel-flink-streaming-example.flink-operator:6123/user/rpc/resourcemanager_*(00000000000000000000000000000000)
2023-01-31 08:28:32,600 INFO  org.apache.flink.runtime.jobmaster.JobMaster                 [] - Resolved ResourceManager address, beginning registration
2023-01-31 08:28:32,611 INFO  org.apache.flink.runtime.resourcemanager.active.ActiveResourceManager [] - Registering job manager 00000000000000000000000000000000@akka.tcp://flink@seatunnel-flink-streaming-example.flink-operator:6123/user/rpc/jobmanager_2 for job 253359fdf6c06dd25636bcf2ca251327.
2023-01-31 08:28:32,620 INFO  org.apache.flink.runtime.resourcemanager.active.ActiveResourceManager [] - Registered job manager 00000000000000000000000000000000@akka.tcp://flink@seatunnel-flink-streaming-example.flink-operator:6123/user/rpc/jobmanager_2 for job 253359fdf6c06dd25636bcf2ca251327.
2023-01-31 08:28:32,626 INFO  org.apache.flink.runtime.jobmaster.JobMaster                 [] - JobManager successfully registered at ResourceManager, leader id: 00000000000000000000000000000000.
2023-01-31 08:28:32,681 INFO  org.apache.flink.runtime.resourcemanager.slotmanager.DeclarativeSlotManager [] - Received resource requirements from job 253359fdf6c06dd25636bcf2ca251327: [ResourceRequirement{resourceProfile=ResourceProfile{UNKNOWN}, numberOfRequiredSlots=1}]
2023-01-31 08:28:32,691 INFO  org.apache.flink.runtime.resourcemanager.active.ActiveResourceManager [] - Requesting new worker with resource spec WorkerResourceSpec {cpuCores=1.0, taskHeapSize=25.600mb (26843542 bytes), taskOffHeapSize=0 bytes, networkMemSize=64.000mb (67108864 bytes), managedMemSize=230.400mb (241591914 bytes), numSlots=2}, current pending count: 1.
2023-01-31 08:28:32,696 INFO  org.apache.flink.runtime.externalresource.ExternalResourceUtils [] - Enabled external resources: []
2023-01-31 08:28:32,794 INFO  org.apache.flink.configuration.Configuration                 [] - Config uses fallback configuration key 'kubernetes.service-account' instead of key 'kubernetes.taskmanager.service-account'
2023-01-31 08:28:32,813 INFO  org.apache.flink.kubernetes.KubernetesResourceManagerDriver  [] - Creating new TaskManager pod with name seatunnel-flink-streaming-example-taskmanager-1-1 and resource <1024,1.0>.
2023-01-31 08:28:33,293 INFO  org.apache.flink.kubernetes.KubernetesResourceManagerDriver  [] - Pod seatunnel-flink-streaming-example-taskmanager-1-1 is created.
2023-01-31 08:28:33,330 INFO  org.apache.flink.kubernetes.KubernetesResourceManagerDriver  [] - Received new TaskManager pod: seatunnel-flink-streaming-example-taskmanager-1-1
2023-01-31 08:28:33,331 INFO  org.apache.flink.runtime.resourcemanager.active.ActiveResourceManager [] - Requested worker seatunnel-flink-streaming-example-taskmanager-1-1 with resource spec WorkerResourceSpec {cpuCores=1.0, taskHeapSize=25.600mb (26843542 bytes), taskOffHeapSize=0 bytes, networkMemSize=64.000mb (67108864 bytes), managedMemSize=230.400mb (241591914 bytes), numSlots=2}.
2023-01-31 08:28:41,141 INFO  org.apache.flink.runtime.resourcemanager.active.ActiveResourceManager [] - Registering TaskManager with ResourceID seatunnel-flink-streaming-example-taskmanager-1-1 (akka.tcp://flink@100.103.244.110:6122/user/rpc/taskmanager_0) at ResourceManager
2023-01-31 08:28:41,195 INFO  org.apache.flink.runtime.resourcemanager.active.ActiveResourceManager [] - Registering TaskManager with ResourceID seatunnel-flink-streaming-example-taskmanager-1-1 (akka.tcp://flink@100.103.244.110:6122/user/rpc/taskmanager_0) at ResourceManager
2023-01-31 08:28:41,225 INFO  org.apache.flink.runtime.resourcemanager.active.ActiveResourceManager [] - Worker seatunnel-flink-streaming-example-taskmanager-1-1 is registered.
2023-01-31 08:28:41,227 INFO  org.apache.flink.runtime.resourcemanager.active.ActiveResourceManager [] - Worker seatunnel-flink-streaming-example-taskmanager-1-1 with resource spec WorkerResourceSpec {cpuCores=1.0, taskHeapSize=25.600mb (26843542 bytes), taskOffHeapSize=0 bytes, networkMemSize=64.000mb (67108864 bytes), managedMemSize=230.400mb (241591914 bytes), numSlots=2} was requested in current attempt. Current pending count after registering: 0.
2023-01-31 08:28:41,416 INFO  org.apache.flink.runtime.executiongraph.ExecutionGraph       [] - Source: Custom Source -> Map -> to: Tuple2 -> Filter -> Map -> Sink: Print to Std. Out (1/1) (2e81669ef7d12da7de63bb29b884c047) switched from SCHEDULED to DEPLOYING.
2023-01-31 08:28:41,767 INFO  org.apache.flink.runtime.executiongraph.ExecutionGraph       [] - Deploying Source: Custom Source -> Map -> to: Tuple2 -> Filter -> Map -> Sink: Print to Std. Out (1/1) (attempt #0) with attempt id 2e81669ef7d12da7de63bb29b884c047 to seatunnel-flink-streaming-example-taskmanager-1-1 @ 100.103.244.110 (dataPort=45691) with allocation id cb048172b455742d876585b00b66c103
2023-01-31 08:28:42,316 INFO  org.apache.flink.runtime.executiongraph.ExecutionGraph       [] - Source: Custom Source -> Map -> to: Tuple2 -> Filter -> Map -> Sink: Print to Std. Out (1/1) (2e81669ef7d12da7de63bb29b884c047) switched from DEPLOYING to INITIALIZING.
2023-01-31 08:28:43,084 INFO  org.apache.flink.runtime.executiongraph.ExecutionGraph       [] - Source: Custom Source -> Map -> to: Tuple2 -> Filter -> Map -> Sink: Print to Std. Out (1/1) (2e81669ef7d12da7de63bb29b884c047) switched from INITIALIZING to RUNNING.